<?xml version="1.0" encoding="UTF-8"?>
<testsuite name="com.elvermg.core.recommendation.recommendationservice.RecommendationServiceApplicationTests" tests="1" skipped="0" failures="0" errors="0" timestamp="2024-11-01T02:33:03" hostname="Martins-MacBook-Pro.local" time="0.388">
  <properties/>
  <testcase name="contextLoads()" classname="com.elvermg.core.recommendation.recommendationservice.RecommendationServiceApplicationTests" time="0.388"/>
  <system-out><![CDATA[22:33:03.158 [Test worker] INFO org.springframework.test.context.support.AnnotationConfigContextLoaderUtils -- Could not detect default configuration classes for test class [com.elvermg.core.recommendation.recommendationservice.RecommendationServiceApplicationTests]: RecommendationServiceApplicationTests does not declare any static, non-private, non-final, nested classes annotated with @Configuration.
22:33:03.190 [Test worker] INFO org.springframework.boot.test.context.SpringBootTestContextBootstrapper -- Found @SpringBootConfiguration com.elvermg.core.recommendation.recommendationservice.RecommendationServiceApplication for test class com.elvermg.core.recommendation.recommendationservice.RecommendationServiceApplicationTests

  .   ____          _            __ _ _
 /\\ / ___'_ __ _ _(_)_ __  __ _ \ \ \ \
( ( )\___ | '_ | '_| | '_ \/ _` | \ \ \ \
 \\/  ___)| |_)| | | | | || (_| |  ) ) ) )
  '  |____| .__|_| |_|_| |_\__, | / / / /
 =========|_|==============|___/=/_/_/_/

 :: Spring Boot ::                (v3.3.4)

2024-10-31T22:33:03.304-04:00  INFO 33105 --- [recommendation-service] [    Test worker] .r.RecommendationServiceApplicationTests : Starting RecommendationServiceApplicationTests using Java 17.0.13 with PID 33105 (started by elvermg in /Volumes/Data/Projects/Microservices/MS-Spring-Boot/microservices/recommendation-service)
2024-10-31T22:33:03.305-04:00  INFO 33105 --- [recommendation-service] [    Test worker] .r.RecommendationServiceApplicationTests : No active profile set, falling back to 1 default profile: "default"
2024-10-31T22:33:03.694-04:00  INFO 33105 --- [recommendation-service] [    Test worker] o.s.b.a.e.web.EndpointLinksResolver      : Exposing 1 endpoint beneath base path '/actuator'
2024-10-31T22:33:03.816-04:00  INFO 33105 --- [recommendation-service] [    Test worker] .r.RecommendationServiceApplicationTests : Started RecommendationServiceApplicationTests in 0.587 seconds (process running for 0.983)
]]></system-out>
  <system-err><![CDATA[]]></system-err>
</testsuite>
