<?xml version="1.0" encoding="UTF-8"?>
<testsuite name="com.elvermg.core.product.productservice.ProductServiceApplicationTests" tests="1" skipped="0" failures="0" errors="0" timestamp="2024-11-01T02:33:01" hostname="Martins-MacBook-Pro.local" time="0.384">
  <properties/>
  <testcase name="contextLoads()" classname="com.elvermg.core.product.productservice.ProductServiceApplicationTests" time="0.384"/>
  <system-out><![CDATA[22:33:01.256 [Test worker] INFO org.springframework.test.context.support.AnnotationConfigContextLoaderUtils -- Could not detect default configuration classes for test class [com.elvermg.core.product.productservice.ProductServiceApplicationTests]: ProductServiceApplicationTests does not declare any static, non-private, non-final, nested classes annotated with @Configuration.
22:33:01.288 [Test worker] INFO org.springframework.boot.test.context.SpringBootTestContextBootstrapper -- Found @SpringBootConfiguration com.elvermg.core.product.productservice.ProductServiceApplication for test class com.elvermg.core.product.productservice.ProductServiceApplicationTests

  .   ____          _            __ _ _
 /\\ / ___'_ __ _ _(_)_ __  __ _ \ \ \ \
( ( )\___ | '_ | '_| | '_ \/ _` | \ \ \ \
 \\/  ___)| |_)| | | | | || (_| |  ) ) ) )
  '  |____| .__|_| |_|_| |_\__, | / / / /
 =========|_|==============|___/=/_/_/_/

 :: Spring Boot ::                (v3.3.4)

2024-10-31T22:33:01.407-04:00  INFO 33103 --- [product-service] [    Test worker] c.e.c.p.p.ProductServiceApplicationTests : Starting ProductServiceApplicationTests using Java 17.0.13 with PID 33103 (started by elvermg in /Volumes/Data/Projects/Microservices/MS-Spring-Boot/microservices/product-service)
2024-10-31T22:33:01.407-04:00  INFO 33103 --- [product-service] [    Test worker] c.e.c.p.p.ProductServiceApplicationTests : No active profile set, falling back to 1 default profile: "default"
2024-10-31T22:33:01.825-04:00  INFO 33103 --- [product-service] [    Test worker] o.s.b.a.e.web.EndpointLinksResolver      : Exposing 1 endpoint beneath base path '/actuator'
2024-10-31T22:33:01.944-04:00  INFO 33103 --- [product-service] [    Test worker] c.e.c.p.p.ProductServiceApplicationTests : Started ProductServiceApplicationTests in 0.617 seconds (process running for 0.979)
]]></system-out>
  <system-err><![CDATA[]]></system-err>
</testsuite>
