<?xml version="1.0" encoding="UTF-8"?>
<testsuite name="com.elvermg.core.review.reviewservice.ReviewServiceApplicationTests" tests="1" skipped="0" failures="0" errors="0" timestamp="2024-11-01T02:33:05" hostname="Martins-MacBook-Pro.local" time="0.375">
  <properties/>
  <testcase name="contextLoads()" classname="com.elvermg.core.review.reviewservice.ReviewServiceApplicationTests" time="0.375"/>
  <system-out><![CDATA[22:33:04.947 [Test worker] INFO org.springframework.test.context.support.AnnotationConfigContextLoaderUtils -- Could not detect default configuration classes for test class [com.elvermg.core.review.reviewservice.ReviewServiceApplicationTests]: ReviewServiceApplicationTests does not declare any static, non-private, non-final, nested classes annotated with @Configuration.
22:33:04.979 [Test worker] INFO org.springframework.boot.test.context.SpringBootTestContextBootstrapper -- Found @SpringBootConfiguration com.elvermg.core.review.reviewservice.ReviewServiceApplication for test class com.elvermg.core.review.reviewservice.ReviewServiceApplicationTests

  .   ____          _            __ _ _
 /\\ / ___'_ __ _ _(_)_ __  __ _ \ \ \ \
( ( )\___ | '_ | '_| | '_ \/ _` | \ \ \ \
 \\/  ___)| |_)| | | | | || (_| |  ) ) ) )
  '  |____| .__|_| |_|_| |_\__, | / / / /
 =========|_|==============|___/=/_/_/_/

 :: Spring Boot ::                (v3.3.4)

2024-10-31T22:33:05.092-04:00  INFO 33107 --- [review-service] [    Test worker] c.e.c.r.r.ReviewServiceApplicationTests  : Starting ReviewServiceApplicationTests using Java 17.0.13 with PID 33107 (started by elvermg in /Volumes/Data/Projects/Microservices/MS-Spring-Boot/microservices/review-service)
2024-10-31T22:33:05.092-04:00  INFO 33107 --- [review-service] [    Test worker] c.e.c.r.r.ReviewServiceApplicationTests  : No active profile set, falling back to 1 default profile: "default"
2024-10-31T22:33:05.488-04:00  INFO 33107 --- [review-service] [    Test worker] o.s.b.a.e.web.EndpointLinksResolver      : Exposing 1 endpoint beneath base path '/actuator'
2024-10-31T22:33:05.613-04:00  INFO 33107 --- [review-service] [    Test worker] c.e.c.r.r.ReviewServiceApplicationTests  : Started ReviewServiceApplicationTests in 0.596 seconds (process running for 0.97)
]]></system-out>
  <system-err><![CDATA[]]></system-err>
</testsuite>
